<?xml version="1.0" encoding="UTF-8"?>
<!-- Generated by org.testng.reporters.JUnitReportReporter -->
<testsuite skipped="0" hostname="DESKTOP-9IJ2P5U" name="com.am.qa.testcases.HomePageTest" tests="2" failures="0" timestamp="28 Jun 2021 08:19:40 GMT" time="27.591" errors="0">
  <testcase name="homePageTitleTest" time="9.681" classname="com.am.qa.testcases.HomePageTest"/>
  <testcase name="itemsearch" time="17.910" classname="com.am.qa.testcases.HomePageTest"/>
</testsuite> <!-- com.am.qa.testcases.HomePageTest -->
