<?xml version="1.0" encoding="UTF-8"?>
<!-- Generated by org.testng.reporters.JUnitReportReporter -->
<testsuite skipped="0" hostname="DESKTOP-9IJ2P5U" name="com.am.qa.testcases.ItemSelectedTest" tests="2" failures="0" timestamp="27 Jun 2021 15:10:45 GMT" time="4.786" errors="0">
  <testcase name="verifyItemPageTitle" time="2.782" classname="com.am.qa.testcases.ItemSelectedTest"/>
  <testcase name="clicktoBuyitem" time="2.004" classname="com.am.qa.testcases.ItemSelectedTest"/>
</testsuite> <!-- com.am.qa.testcases.ItemSelectedTest -->
