<?xml version="1.0" encoding="UTF-8"?>
<!-- Generated by org.testng.reporters.JUnitReportReporter -->
<testsuite skipped="0" hostname="DESKTOP-9IJ2P5U" name="com.am.qa.testcases.PaymentPageTest" tests="1" failures="0" timestamp="28 Jun 2021 04:38:25 GMT" time="24.943" errors="0">
  <testcase name="finalizing" time="24.943" classname="com.am.qa.testcases.PaymentPageTest"/>
</testsuite> <!-- com.am.qa.testcases.PaymentPageTest -->
