<?xml version="1.0" encoding="UTF-8"?>
<!-- Generated by org.testng.reporters.JUnitReportReporter -->
<testsuite skipped="0" hostname="DESKTOP-9IJ2P5U" name="com.am.qa.testcases.LoginPageTest" tests="1" failures="0" timestamp="28 Jun 2021 04:32:29 GMT" time="2.209" errors="0">
  <testcase name="clicktoPayment" time="2.209" classname="com.am.qa.testcases.LoginPageTest"/>
</testsuite> <!-- com.am.qa.testcases.LoginPageTest -->
